<?xml version="1.0" encoding="UTF-8"?>
<beans xmlns="http://www.springframework.org/schema/beans" xmlns:xsi="http://www.w3.org/2001/XMLSchema-instance" xmlns:aop="http://www.springframework.org/schema/aop" xmlns:tx="http://www.springframework.org/schema/tx"
	xsi:schemaLocation="http://www.springframework.org/schema/beans 
                        http://www.springframework.org/schema/beans/spring-beans-3.0.xsd
                        http://www.springframework.org/schema/aop 
                        http://www.springframework.org/schema/aop/spring-aop-3.0.xsd
                        http://www.springframework.org/schema/tx 
                        http://www.springframework.org/schema/tx/spring-tx-3.0.xsd">

	<!-- persistence -->
	<bean id="dataSource" class="org.springframework.jdbc.datasource.SimpleDriverDataSource">
		<property name="driverClass" value="com.mysql.jdbc.Driver" />
		<property name="url" value="jdbc:mysql://localhost:3306/springbook?characterEncoding=UTF-8" />
		<property name="username" value="springbook" />
		<property name="username" value="springbookpw" />
	</bean>

	<bean id="transactionManager" class="org.springframework.jdbc.datasource.DataSourceTransactionManager">
		<property name="dataSource" ref="dataSource" />
	</bean>

	<!-- aop -->
	<!-- tx:annotation-driven 설정. transaction-manager 를 지정하지 않으면 자동으로 transactionManager 라는 이름의 bean 을 찾아 지정한다. -->
	<tx:annotation-driven transaction-manager="transactionManager" />

	<!-- application components -->
	<bean id="mailSender" class="sample.spring3._08_aop_tx.DummyMailSender" />
	<!--
		<bean id="mailSender" class="org.springframework.mail.javamail.JavaMailSenderImpl">
		<property name="host" value="mail.server.com" />
		</bean>
	-->

	<bean id="userDao" class="sample.spring3._08_aop_tx.UserDaoJdbc">
		<property name="dataSource" ref="dataSource" />
	</bean>

	<bean id="userService" class="sample.spring3._08_aop_tx.UserServiceAnnotationTxImpl">
		<property name="userDao" ref="userDao" />
		<property name="mailSender" ref="mailSender" />
	</bean>

	<bean id="testUserService" class="sample.spring3._08_aop_tx._02_TransactionAnnotationTest$TestUserService" parent="userService" />
</beans>
