<?xml version="1.0" encoding="UTF-8"?>
<beans xmlns="http://www.springframework.org/schema/beans" xmlns:xsi="http://www.w3.org/2001/XMLSchema-instance" xsi:schemaLocation="http://www.springframework.org/schema/beans 
		http://www.springframework.org/schema/beans/spring-beans-3.0.xsd">

	<bean id="mysqlUserConnectionMaker" class="sample.spring3._01_dao.ConnectionMakerMysqlXml">
		<property name="driverClass" value="com.mysql.jdbc.Driver" />
		<property name="url" value="jdbc:mysql://localhost:3306/springbook?characterEncoding=UTF-8" />
		<property name="username" value="springbook" />
		<property name="username" value="springbookpw" />
	</bean>

	<bean id="userDao" class="sample.spring3._01_dao.UserDao_07">
		<property name="connectionMaker" ref="mysqlUserConnectionMaker" />
	</bean>
</beans>
