<?xml version="1.0" encoding="UTF-8"?>
<beans xmlns="http://www.springframework.org/schema/beans" xmlns:xsi="http://www.w3.org/2001/XMLSchema-instance" xsi:schemaLocation="http://www.springframework.org/schema/beans 
						http://www.springframework.org/schema/beans/spring-beans-3.0.xsd">

	<bean id="dataSource" class="org.springframework.jdbc.datasource.SimpleDriverDataSource">
		<property name="driverClass" value="com.mysql.jdbc.Driver" />
		<property name="url" value="jdbc:mysql://localhost:3306/springbook?characterEncoding=UTF-8" />
		<property name="username" value="springbook" />
		<property name="username" value="springbookpw" />
	</bean>

	<bean id="transactionManager" class="org.springframework.jdbc.datasource.DataSourceTransactionManager">
		<property name="dataSource" ref="dataSource" />
	</bean>

	<bean id="userDao" class="sample.spring3._03_transaction.UserDaoMysqlJdbc">
		<property name="dataSource" ref="dataSource" />
	</bean>

	<bean id="message" class="sample.spring3._06_factorybean.MessageFactoryBean">
		<property name="text" value="TextSample" />
	</bean>
</beans>
