<?xml version="1.0" encoding="UTF-8"?>
<beans xmlns="http://www.springframework.org/schema/beans" xmlns:xsi="http://www.w3.org/2001/XMLSchema-instance" xmlns:aop="http://www.springframework.org/schema/aop" xmlns:tx="http://www.springframework.org/schema/tx"
	xsi:schemaLocation="http://www.springframework.org/schema/beans 
						http://www.springframework.org/schema/beans/spring-beans-3.0.xsd
						http://www.springframework.org/schema/aop 
						http://www.springframework.org/schema/aop/spring-aop-3.0.xsd
						http://www.springframework.org/schema/tx 
						http://www.springframework.org/schema/tx/spring-tx-3.0.xsd">

	<!-- db -->
	<bean id="dataSource" class="org.springframework.jdbc.datasource.SimpleDriverDataSource">
		<property name="driverClass" value="com.mysql.jdbc.Driver" />
		<property name="url" value="jdbc:mysql://localhost:3306/springbook?characterEncoding=UTF-8" />
		<property name="username" value="springbook" />
		<property name="username" value="springbookpw" />
	</bean>

	<bean id="transactionManager" class="org.springframework.jdbc.datasource.DataSourceTransactionManager">
		<property name="dataSource" ref="dataSource" />
	</bean>

	<!-- aop -->
	<!-- tx:annotation-driven 설정. transaction-manager 를 지정하지 않으면 자동으로 transactionManager 라는 이름의 bean 을 찾아 지정한다. -->
	<tx:annotation-driven />

	<!-- application components -->
	<bean id="userDao" class="sample.spring3._09_sqlmap.UserDaoJdbc_02">
		<property name="dataSource" ref="dataSource" />
		<property name="sqlService" ref="sqlService" />
	</bean>

	<bean id="sqlService" class="sample.spring3._09_sqlmap.SimpleSqlService">
		<property name="sqlMap">
			<map>
				<entry key="userAdd" value="insert into users(id, name, password, email, level, login, recommend) values(?,?,?,?,?,?,?)" />
				<entry key="userGet" value="select * from users where id = ?" />
				<entry key="userGetAll" value="select * from users order by id" />
				<entry key="userDeleteAll" value="delete from users" />
				<entry key="userGetCount" value="select count(*) from users" />
				<entry key="userUpdate" value="update users set name = ?, password = ?, email = ?, level = ?, login = ?, recommend = ? where id = ?" />
			</map>
		</property>
	</bean>

	<bean id="userService" class="sample.spring3._09_sqlmap.UserServiceImpl">
		<property name="userDao" ref="userDao" />
	</bean>
</beans>
